<?xml version="1.0" encoding="UTF-8"?>
<!-- Generated by org.testng.reporters.JUnitReportReporter -->
<testsuite skipped="0" hostname="LAPTOP-48NLNINU" name="testScripts.ValidateLogin" tests="1" failures="0" timestamp="21 Jul 2020 12:55:22 GMT" time="14.607" errors="0">
  <testcase name="login" time="14.607" classname="testScripts.ValidateLogin"/>
</testsuite> <!-- testScripts.ValidateLogin -->
