<?xml version="1.0" encoding="UTF-8"?>
<!-- Generated by org.testng.reporters.JUnitReportReporter -->
<testsuite skipped="0" hostname="LAPTOP-48NLNINU" name="testScripts.ValidateHome" tests="1" failures="0" timestamp="21 Jul 2020 18:26:09 GMT" time="9.742" errors="0">
  <testcase name="home" time="9.742" classname="testScripts.ValidateHome"/>
</testsuite> <!-- testScripts.ValidateHome -->
