<?xml version="1.0" encoding="UTF-8"?>
<!-- Generated by org.testng.reporters.JUnitReportReporter -->
<testsuite skipped="0" hostname="LAPTOP-48NLNINU" name="testScripts.ValidateRegister" tests="1" failures="0" timestamp="21 Jul 2020 16:01:09 GMT" time="26.122" errors="0">
  <testcase name="register" time="26.122" classname="testScripts.ValidateRegister"/>
</testsuite> <!-- testScripts.ValidateRegister -->
